<?xml version="1.0" encoding="UTF-8"?>
<testng-results ignored="0" total="2" passed="2" failed="0" skipped="0">
  <reporter-output>
  </reporter-output>
  <suite started-at="2021-07-17T20:53:11 IST" name="MyTestCases.TestMain" finished-at="2021-07-17T20:53:11 IST" duration-ms="35">
    <groups>
    </groups>
    <test started-at="2021-07-17T20:53:11 IST" name="Command line test" finished-at="2021-07-17T20:53:11 IST" duration-ms="35">
      <class name="MyTestCases.TestMain">
        <test-method signature="testHelloworld()[pri:0, instance:MyTestCases.TestMain@79e2c065]" started-at="2021-07-17T20:53:11 IST" name="testHelloworld" finished-at="2021-07-17T20:53:11 IST" duration-ms="4" status="PASS">
          <reporter-output>
          </reporter-output>
        </test-method> <!-- testHelloworld -->
        <test-method signature="testHelloworld1()[pri:0, instance:MyTestCases.TestMain@79e2c065]" started-at="2021-07-17T20:53:11 IST" name="testHelloworld1" finished-at="2021-07-17T20:53:11 IST" duration-ms="0" status="PASS">
          <reporter-output>
          </reporter-output>
        </test-method> <!-- testHelloworld1 -->
      </class> <!-- MyTestCases.TestMain -->
    </test> <!-- Command line test -->
  </suite> <!-- MyTestCases.TestMain -->
</testng-results>
